The system is: Linux - 4.4.55-desktop-1.mga5 - x86_64
Compiling the C compiler identification source file "CMakeCCompilerId.c" succeeded.
Compiler: /bin/cc 
Build flags: 
Id flags: 

The output was:
0


Compilation of the C compiler identification source "CMakeCCompilerId.c" produced "a.out"

The C compiler identification is GNU, found in "/home/lizhou/dist.libuv.org/dist/v1.11.0/libuv-v1.11.0/samples/mysocks/build/debug/CMakeFiles/3.4.3/CompilerIdC/a.out"

Compiling the CXX compiler identification source file "CMakeCXXCompilerId.cpp" succeeded.
Compiler: /bin/c++ 
Build flags: 
Id flags: 

The output was:
0


Compilation of the CXX compiler identification source "CMakeCXXCompilerId.cpp" produced "a.out"

The CXX compiler identification is GNU, found in "/home/lizhou/dist.libuv.org/dist/v1.11.0/libuv-v1.11.0/samples/mysocks/build/debug/CMakeFiles/3.4.3/CompilerIdCXX/a.out"

Determining if the C compiler works passed with the following output:
Change Dir: /home/lizhou/dist.libuv.org/dist/v1.11.0/libuv-v1.11.0/samples/mysocks/build/debug/CMakeFiles/CMakeTmp

Run Build Command:"/bin/gmake" "cmTC_ddfb2/fast"
/bin/gmake -f CMakeFiles/cmTC_ddfb2.dir/build.make CMakeFiles/cmTC_ddfb2.dir/build
gmake[1]: Entering directory '/home/lizhou/dist.libuv.org/dist/v1.11.0/libuv-v1.11.0/samples/mysocks/build/debug/CMakeFiles/CMakeTmp'
Building C object CMakeFiles/cmTC_ddfb2.dir/testCCompiler.c.o
/bin/cc     -o CMakeFiles/cmTC_ddfb2.dir/testCCompiler.c.o   -c /home/lizhou/dist.libuv.org/dist/v1.11.0/libuv-v1.11.0/samples/mysocks/build/debug/CMakeFiles/CMakeTmp/testCCompiler.c
Linking C executable cmTC_ddfb2
/usr/local/bin/cmake -E cmake_link_script CMakeFiles/cmTC_ddfb2.dir/link.txt --verbose=1
/bin/cc       CMakeFiles/cmTC_ddfb2.dir/testCCompiler.c.o  -o cmTC_ddfb2 -rdynamic 
gmake[1]: Leaving directory '/home/lizhou/dist.libuv.org/dist/v1.11.0/libuv-v1.11.0/samples/mysocks/build/debug/CMakeFiles/CMakeTmp'


Detecting C compiler ABI info compiled with the following output:
Change Dir: /home/lizhou/dist.libuv.org/dist/v1.11.0/libuv-v1.11.0/samples/mysocks/build/debug/CMakeFiles/CMakeTmp

Run Build Command:"/bin/gmake" "cmTC_87979/fast"
/bin/gmake -f CMakeFiles/cmTC_87979.dir/build.make CMakeFiles/cmTC_87979.dir/build
gmake[1]: Entering directory '/home/lizhou/dist.libuv.org/dist/v1.11.0/libuv-v1.11.0/samples/mysocks/build/debug/CMakeFiles/CMakeTmp'
Building C object CMakeFiles/cmTC_87979.dir/CMakeCCompilerABI.c.o
/bin/cc     -o CMakeFiles/cmTC_87979.dir/CMakeCCompilerABI.c.o   -c /usr/local/share/cmake-3.4/Modules/CMakeCCompilerABI.c
Linking C executable cmTC_87979
/usr/local/bin/cmake -E cmake_link_script CMakeFiles/cmTC_87979.dir/link.txt --verbose=1
/bin/cc      -v CMakeFiles/cmTC_87979.dir/CMakeCCompilerABI.c.o  -o cmTC_87979 -rdynamic  
使用內建 specs。
COLLECT_GCC=/bin/cc
COLLECT_LTO_WRAPPER=/usr/lib/gcc/x86_64-mageia-linux-gnu/4.9.2/lto-wrapper
目的：x86_64-mageia-linux-gnu
配置為：../configure --prefix=/usr --libexecdir=/usr/lib --with-slibdir=/lib64 --with-bugurl=http://bugs.mageia.org/ --mandir=/usr/share/man --infodir=/usr/share/info --enable-checking=release --enable-languages=c,c++,ada,fortran,objc,obj-c++,java --enable-linker-build-id --build=x86_64-mageia-linux-gnu --host=x86_64-mageia-linux-gnu --with-cpu=generic --with-system-zlib --enable-threads=posix --enable-shared --enable-objc-gc --enable-long-long --enable-__cxa_atexit --disable-libunwind-exceptions --enable-clocale=gnu --enable-java-awt=gtk --with-java-home=/usr/lib/jvm/java-1.5.0-gcj-1.5.0.0/jre --with-ecj-jar=/usr/share/java/eclipse-ecj.jar --enable-gtk-cairo --disable-libjava-multilib --enable-ssp --disable-libssp --disable-werror --with-ppl --with-cloog --with-python-dir=/lib/python2.7/site-packages --enable-lto
執行緒模型：posix
gcc version 4.9.2 (GCC) 
COMPILER_PATH=/usr/lib/gcc/x86_64-mageia-linux-gnu/4.9.2/:/usr/lib/gcc/x86_64-mageia-linux-gnu/4.9.2/:/usr/lib/gcc/x86_64-mageia-linux-gnu/:/usr/lib/gcc/x86_64-mageia-linux-gnu/4.9.2/:/usr/lib/gcc/x86_64-mageia-linux-gnu/
LIBRARY_PATH=/usr/lib/gcc/x86_64-mageia-linux-gnu/4.9.2/:/usr/lib/gcc/x86_64-mageia-linux-gnu/4.9.2/../../../../lib64/:/lib/../lib64/:/usr/lib/../lib64/:/usr/lib/gcc/x86_64-mageia-linux-gnu/4.9.2/../../../:/lib/:/usr/lib/
COLLECT_GCC_OPTIONS='-v' '-o' 'cmTC_87979' '-rdynamic' '-mtune=generic' '-march=x86-64'
 /usr/lib/gcc/x86_64-mageia-linux-gnu/4.9.2/collect2 -plugin /usr/lib/gcc/x86_64-mageia-linux-gnu/4.9.2/liblto_plugin.so -plugin-opt=/usr/lib/gcc/x86_64-mageia-linux-gnu/4.9.2/lto-wrapper -plugin-opt=-fresolution=/tmp/ccrSyRZE.res -plugin-opt=-pass-through=-lgcc -plugin-opt=-pass-through=-lgcc_s -plugin-opt=-pass-through=-lc -plugin-opt=-pass-through=-lgcc -plugin-opt=-pass-through=-lgcc_s --build-id --eh-frame-hdr -m elf_x86_64 --hash-style=gnu -export-dynamic -dynamic-linker /lib64/ld-linux-x86-64.so.2 -o cmTC_87979 /usr/lib/gcc/x86_64-mageia-linux-gnu/4.9.2/../../../../lib64/crt1.o /usr/lib/gcc/x86_64-mageia-linux-gnu/4.9.2/../../../../lib64/crti.o /usr/lib/gcc/x86_64-mageia-linux-gnu/4.9.2/crtbegin.o -L/usr/lib/gcc/x86_64-mageia-linux-gnu/4.9.2 -L/usr/lib/gcc/x86_64-mageia-linux-gnu/4.9.2/../../../../lib64 -L/lib/../lib64 -L/usr/lib/../lib64 -L/usr/lib/gcc/x86_64-mageia-linux-gnu/4.9.2/../../.. CMakeFiles/cmTC_87979.dir/CMakeCCompilerABI.c.o -lgcc --as-needed -lgcc_s --no-as-needed -lc -lgcc --as-needed -lgcc_s --no-as-needed /usr/lib/gcc/x86_64-mageia-linux-gnu/4.9.2/crtend.o /usr/lib/gcc/x86_64-mageia-linux-gnu/4.9.2/../../../../lib64/crtn.o
gmake[1]: Leaving directory '/home/lizhou/dist.libuv.org/dist/v1.11.0/libuv-v1.11.0/samples/mysocks/build/debug/CMakeFiles/CMakeTmp'


Parsed C implicit link information from above output:
  link line regex: [^( *|.*[/\])(ld|([^/\]+-)?ld|collect2)[^/\]*( |$)]
  ignore line: [Change Dir: /home/lizhou/dist.libuv.org/dist/v1.11.0/libuv-v1.11.0/samples/mysocks/build/debug/CMakeFiles/CMakeTmp]
  ignore line: []
  ignore line: [Run Build Command:"/bin/gmake" "cmTC_87979/fast"]
  ignore line: [/bin/gmake -f CMakeFiles/cmTC_87979.dir/build.make CMakeFiles/cmTC_87979.dir/build]
  ignore line: [gmake[1]: Entering directory '/home/lizhou/dist.libuv.org/dist/v1.11.0/libuv-v1.11.0/samples/mysocks/build/debug/CMakeFiles/CMakeTmp']
  ignore line: [Building C object CMakeFiles/cmTC_87979.dir/CMakeCCompilerABI.c.o]
  ignore line: [/bin/cc     -o CMakeFiles/cmTC_87979.dir/CMakeCCompilerABI.c.o   -c /usr/local/share/cmake-3.4/Modules/CMakeCCompilerABI.c]
  ignore line: [Linking C executable cmTC_87979]
  ignore line: [/usr/local/bin/cmake -E cmake_link_script CMakeFiles/cmTC_87979.dir/link.txt --verbose=1]
  ignore line: [/bin/cc      -v CMakeFiles/cmTC_87979.dir/CMakeCCompilerABI.c.o  -o cmTC_87979 -rdynamic  ]
  ignore line: [使用內建 specs。]
  ignore line: [COLLECT_GCC=/bin/cc]
  ignore line: [COLLECT_LTO_WRAPPER=/usr/lib/gcc/x86_64-mageia-linux-gnu/4.9.2/lto-wrapper]
  ignore line: [目的：x86_64-mageia-linux-gnu]
  ignore line: [配置為：../configure --prefix=/usr --libexecdir=/usr/lib --with-slibdir=/lib64 --with-bugurl=http://bugs.mageia.org/ --mandir=/usr/share/man --infodir=/usr/share/info --enable-checking=release --enable-languages=c,c++,ada,fortran,objc,obj-c++,java --enable-linker-build-id --build=x86_64-mageia-linux-gnu --host=x86_64-mageia-linux-gnu --with-cpu=generic --with-system-zlib --enable-threads=posix --enable-shared --enable-objc-gc --enable-long-long --enable-__cxa_atexit --disable-libunwind-exceptions --enable-clocale=gnu --enable-java-awt=gtk --with-java-home=/usr/lib/jvm/java-1.5.0-gcj-1.5.0.0/jre --with-ecj-jar=/usr/share/java/eclipse-ecj.jar --enable-gtk-cairo --disable-libjava-multilib --enable-ssp --disable-libssp --disable-werror --with-ppl --with-cloog --with-python-dir=/lib/python2.7/site-packages --enable-lto]
  ignore line: [執行緒模型：posix]
  ignore line: [gcc version 4.9.2 (GCC) ]
  ignore line: [COMPILER_PATH=/usr/lib/gcc/x86_64-mageia-linux-gnu/4.9.2/:/usr/lib/gcc/x86_64-mageia-linux-gnu/4.9.2/:/usr/lib/gcc/x86_64-mageia-linux-gnu/:/usr/lib/gcc/x86_64-mageia-linux-gnu/4.9.2/:/usr/lib/gcc/x86_64-mageia-linux-gnu/]
  ignore line: [LIBRARY_PATH=/usr/lib/gcc/x86_64-mageia-linux-gnu/4.9.2/:/usr/lib/gcc/x86_64-mageia-linux-gnu/4.9.2/../../../../lib64/:/lib/../lib64/:/usr/lib/../lib64/:/usr/lib/gcc/x86_64-mageia-linux-gnu/4.9.2/../../../:/lib/:/usr/lib/]
  ignore line: [COLLECT_GCC_OPTIONS='-v' '-o' 'cmTC_87979' '-rdynamic' '-mtune=generic' '-march=x86-64']
  link line: [ /usr/lib/gcc/x86_64-mageia-linux-gnu/4.9.2/collect2 -plugin /usr/lib/gcc/x86_64-mageia-linux-gnu/4.9.2/liblto_plugin.so -plugin-opt=/usr/lib/gcc/x86_64-mageia-linux-gnu/4.9.2/lto-wrapper -plugin-opt=-fresolution=/tmp/ccrSyRZE.res -plugin-opt=-pass-through=-lgcc -plugin-opt=-pass-through=-lgcc_s -plugin-opt=-pass-through=-lc -plugin-opt=-pass-through=-lgcc -plugin-opt=-pass-through=-lgcc_s --build-id --eh-frame-hdr -m elf_x86_64 --hash-style=gnu -export-dynamic -dynamic-linker /lib64/ld-linux-x86-64.so.2 -o cmTC_87979 /usr/lib/gcc/x86_64-mageia-linux-gnu/4.9.2/../../../../lib64/crt1.o /usr/lib/gcc/x86_64-mageia-linux-gnu/4.9.2/../../../../lib64/crti.o /usr/lib/gcc/x86_64-mageia-linux-gnu/4.9.2/crtbegin.o -L/usr/lib/gcc/x86_64-mageia-linux-gnu/4.9.2 -L/usr/lib/gcc/x86_64-mageia-linux-gnu/4.9.2/../../../../lib64 -L/lib/../lib64 -L/usr/lib/../lib64 -L/usr/lib/gcc/x86_64-mageia-linux-gnu/4.9.2/../../.. CMakeFiles/cmTC_87979.dir/CMakeCCompilerABI.c.o -lgcc --as-needed -lgcc_s --no-as-needed -lc -lgcc --as-needed -lgcc_s --no-as-needed /usr/lib/gcc/x86_64-mageia-linux-gnu/4.9.2/crtend.o /usr/lib/gcc/x86_64-mageia-linux-gnu/4.9.2/../../../../lib64/crtn.o]
    arg [/usr/lib/gcc/x86_64-mageia-linux-gnu/4.9.2/collect2] ==> ignore
    arg [-plugin] ==> ignore
    arg [/usr/lib/gcc/x86_64-mageia-linux-gnu/4.9.2/liblto_plugin.so] ==> ignore
    arg [-plugin-opt=/usr/lib/gcc/x86_64-mageia-linux-gnu/4.9.2/lto-wrapper] ==> ignore
    arg [-plugin-opt=-fresolution=/tmp/ccrSyRZE.res] ==> ignore
    arg [-plugin-opt=-pass-through=-lgcc] ==> ignore
    arg [-plugin-opt=-pass-through=-lgcc_s] ==> ignore
    arg [-plugin-opt=-pass-through=-lc] ==> ignore
    arg [-plugin-opt=-pass-through=-lgcc] ==> ignore
    arg [-plugin-opt=-pass-through=-lgcc_s] ==> ignore
    arg [--build-id] ==> ignore
    arg [--eh-frame-hdr] ==> ignore
    arg [-m] ==> ignore
    arg [elf_x86_64] ==> ignore
    arg [--hash-style=gnu] ==> ignore
    arg [-export-dynamic] ==> ignore
    arg [-dynamic-linker] ==> ignore
    arg [/lib64/ld-linux-x86-64.so.2] ==> ignore
    arg [-o] ==> ignore
    arg [cmTC_87979] ==> ignore
    arg [/usr/lib/gcc/x86_64-mageia-linux-gnu/4.9.2/../../../../lib64/crt1.o] ==> ignore
    arg [/usr/lib/gcc/x86_64-mageia-linux-gnu/4.9.2/../../../../lib64/crti.o] ==> ignore
    arg [/usr/lib/gcc/x86_64-mageia-linux-gnu/4.9.2/crtbegin.o] ==> ignore
    arg [-L/usr/lib/gcc/x86_64-mageia-linux-gnu/4.9.2] ==> dir [/usr/lib/gcc/x86_64-mageia-linux-gnu/4.9.2]
    arg [-L/usr/lib/gcc/x86_64-mageia-linux-gnu/4.9.2/../../../../lib64] ==> dir [/usr/lib/gcc/x86_64-mageia-linux-gnu/4.9.2/../../../../lib64]
    arg [-L/lib/../lib64] ==> dir [/lib/../lib64]
    arg [-L/usr/lib/../lib64] ==> dir [/usr/lib/../lib64]
    arg [-L/usr/lib/gcc/x86_64-mageia-linux-gnu/4.9.2/../../..] ==> dir [/usr/lib/gcc/x86_64-mageia-linux-gnu/4.9.2/../../..]
    arg [CMakeFiles/cmTC_87979.dir/CMakeCCompilerABI.c.o] ==> ignore
    arg [-lgcc] ==> lib [gcc]
    arg [--as-needed] ==> ignore
    arg [-lgcc_s] ==> lib [gcc_s]
    arg [--no-as-needed] ==> ignore
    arg [-lc] ==> lib [c]
    arg [-lgcc] ==> lib [gcc]
    arg [--as-needed] ==> ignore
    arg [-lgcc_s] ==> lib [gcc_s]
    arg [--no-as-needed] ==> ignore
    arg [/usr/lib/gcc/x86_64-mageia-linux-gnu/4.9.2/crtend.o] ==> ignore
    arg [/usr/lib/gcc/x86_64-mageia-linux-gnu/4.9.2/../../../../lib64/crtn.o] ==> ignore
  remove lib [gcc]
  remove lib [gcc_s]
  remove lib [gcc]
  remove lib [gcc_s]
  collapse library dir [/usr/lib/gcc/x86_64-mageia-linux-gnu/4.9.2] ==> [/usr/lib/gcc/x86_64-mageia-linux-gnu/4.9.2]
  collapse library dir [/usr/lib/gcc/x86_64-mageia-linux-gnu/4.9.2/../../../../lib64] ==> [/usr/lib64]
  collapse library dir [/lib/../lib64] ==> [/lib64]
  collapse library dir [/usr/lib/../lib64] ==> [/usr/lib64]
  collapse library dir [/usr/lib/gcc/x86_64-mageia-linux-gnu/4.9.2/../../..] ==> [/usr/lib]
  implicit libs: [c]
  implicit dirs: [/usr/lib/gcc/x86_64-mageia-linux-gnu/4.9.2;/usr/lib64;/lib64;/usr/lib]
  implicit fwks: []




Detecting C [-std=c11] compiler features compiled with the following output:
Change Dir: /home/lizhou/dist.libuv.org/dist/v1.11.0/libuv-v1.11.0/samples/mysocks/build/debug/CMakeFiles/CMakeTmp

Run Build Command:"/bin/gmake" "cmTC_76375/fast"
/bin/gmake -f CMakeFiles/cmTC_76375.dir/build.make CMakeFiles/cmTC_76375.dir/build
gmake[1]: Entering directory '/home/lizhou/dist.libuv.org/dist/v1.11.0/libuv-v1.11.0/samples/mysocks/build/debug/CMakeFiles/CMakeTmp'
Building C object CMakeFiles/cmTC_76375.dir/feature_tests.c.o
/bin/cc    -std=c11 -o CMakeFiles/cmTC_76375.dir/feature_tests.c.o   -c /home/lizhou/dist.libuv.org/dist/v1.11.0/libuv-v1.11.0/samples/mysocks/build/debug/CMakeFiles/feature_tests.c
Linking C executable cmTC_76375
/usr/local/bin/cmake -E cmake_link_script CMakeFiles/cmTC_76375.dir/link.txt --verbose=1
/bin/cc       CMakeFiles/cmTC_76375.dir/feature_tests.c.o  -o cmTC_76375 -rdynamic 
gmake[1]: Leaving directory '/home/lizhou/dist.libuv.org/dist/v1.11.0/libuv-v1.11.0/samples/mysocks/build/debug/CMakeFiles/CMakeTmp'


    Feature record: C_FEATURE:1c_function_prototypes
    Feature record: C_FEATURE:1c_restrict
    Feature record: C_FEATURE:1c_static_assert
    Feature record: C_FEATURE:1c_variadic_macros


Detecting C [-std=c99] compiler features compiled with the following output:
Change Dir: /home/lizhou/dist.libuv.org/dist/v1.11.0/libuv-v1.11.0/samples/mysocks/build/debug/CMakeFiles/CMakeTmp

Run Build Command:"/bin/gmake" "cmTC_3cc64/fast"
/bin/gmake -f CMakeFiles/cmTC_3cc64.dir/build.make CMakeFiles/cmTC_3cc64.dir/build
gmake[1]: Entering directory '/home/lizhou/dist.libuv.org/dist/v1.11.0/libuv-v1.11.0/samples/mysocks/build/debug/CMakeFiles/CMakeTmp'
Building C object CMakeFiles/cmTC_3cc64.dir/feature_tests.c.o
/bin/cc    -std=c99 -o CMakeFiles/cmTC_3cc64.dir/feature_tests.c.o   -c /home/lizhou/dist.libuv.org/dist/v1.11.0/libuv-v1.11.0/samples/mysocks/build/debug/CMakeFiles/feature_tests.c
Linking C executable cmTC_3cc64
/usr/local/bin/cmake -E cmake_link_script CMakeFiles/cmTC_3cc64.dir/link.txt --verbose=1
/bin/cc       CMakeFiles/cmTC_3cc64.dir/feature_tests.c.o  -o cmTC_3cc64 -rdynamic 
gmake[1]: Leaving directory '/home/lizhou/dist.libuv.org/dist/v1.11.0/libuv-v1.11.0/samples/mysocks/build/debug/CMakeFiles/CMakeTmp'


    Feature record: C_FEATURE:1c_function_prototypes
    Feature record: C_FEATURE:1c_restrict
    Feature record: C_FEATURE:0c_static_assert
    Feature record: C_FEATURE:1c_variadic_macros


Detecting C [-std=c90] compiler features compiled with the following output:
Change Dir: /home/lizhou/dist.libuv.org/dist/v1.11.0/libuv-v1.11.0/samples/mysocks/build/debug/CMakeFiles/CMakeTmp

Run Build Command:"/bin/gmake" "cmTC_1161e/fast"
/bin/gmake -f CMakeFiles/cmTC_1161e.dir/build.make CMakeFiles/cmTC_1161e.dir/build
gmake[1]: Entering directory '/home/lizhou/dist.libuv.org/dist/v1.11.0/libuv-v1.11.0/samples/mysocks/build/debug/CMakeFiles/CMakeTmp'
Building C object CMakeFiles/cmTC_1161e.dir/feature_tests.c.o
/bin/cc    -std=c90 -o CMakeFiles/cmTC_1161e.dir/feature_tests.c.o   -c /home/lizhou/dist.libuv.org/dist/v1.11.0/libuv-v1.11.0/samples/mysocks/build/debug/CMakeFiles/feature_tests.c
Linking C executable cmTC_1161e
/usr/local/bin/cmake -E cmake_link_script CMakeFiles/cmTC_1161e.dir/link.txt --verbose=1
/bin/cc       CMakeFiles/cmTC_1161e.dir/feature_tests.c.o  -o cmTC_1161e -rdynamic 
gmake[1]: Leaving directory '/home/lizhou/dist.libuv.org/dist/v1.11.0/libuv-v1.11.0/samples/mysocks/build/debug/CMakeFiles/CMakeTmp'


    Feature record: C_FEATURE:1c_function_prototypes
    Feature record: C_FEATURE:0c_restrict
    Feature record: C_FEATURE:0c_static_assert
    Feature record: C_FEATURE:0c_variadic_macros
Determining if the CXX compiler works passed with the following output:
Change Dir: /home/lizhou/dist.libuv.org/dist/v1.11.0/libuv-v1.11.0/samples/mysocks/build/debug/CMakeFiles/CMakeTmp

Run Build Command:"/bin/gmake" "cmTC_361ef/fast"
/bin/gmake -f CMakeFiles/cmTC_361ef.dir/build.make CMakeFiles/cmTC_361ef.dir/build
gmake[1]: Entering directory '/home/lizhou/dist.libuv.org/dist/v1.11.0/libuv-v1.11.0/samples/mysocks/build/debug/CMakeFiles/CMakeTmp'
Building CXX object CMakeFiles/cmTC_361ef.dir/testCXXCompiler.cxx.o
/bin/c++      -o CMakeFiles/cmTC_361ef.dir/testCXXCompiler.cxx.o -c /home/lizhou/dist.libuv.org/dist/v1.11.0/libuv-v1.11.0/samples/mysocks/build/debug/CMakeFiles/CMakeTmp/testCXXCompiler.cxx
Linking CXX executable cmTC_361ef
/usr/local/bin/cmake -E cmake_link_script CMakeFiles/cmTC_361ef.dir/link.txt --verbose=1
/bin/c++        CMakeFiles/cmTC_361ef.dir/testCXXCompiler.cxx.o  -o cmTC_361ef -rdynamic 
gmake[1]: Leaving directory '/home/lizhou/dist.libuv.org/dist/v1.11.0/libuv-v1.11.0/samples/mysocks/build/debug/CMakeFiles/CMakeTmp'


Detecting CXX compiler ABI info compiled with the following output:
Change Dir: /home/lizhou/dist.libuv.org/dist/v1.11.0/libuv-v1.11.0/samples/mysocks/build/debug/CMakeFiles/CMakeTmp

Run Build Command:"/bin/gmake" "cmTC_552b0/fast"
/bin/gmake -f CMakeFiles/cmTC_552b0.dir/build.make CMakeFiles/cmTC_552b0.dir/build
gmake[1]: Entering directory '/home/lizhou/dist.libuv.org/dist/v1.11.0/libuv-v1.11.0/samples/mysocks/build/debug/CMakeFiles/CMakeTmp'
Building CXX object CMakeFiles/cmTC_552b0.dir/CMakeCXXCompilerABI.cpp.o
/bin/c++      -o CMakeFiles/cmTC_552b0.dir/CMakeCXXCompilerABI.cpp.o -c /usr/local/share/cmake-3.4/Modules/CMakeCXXCompilerABI.cpp
Linking CXX executable cmTC_552b0
/usr/local/bin/cmake -E cmake_link_script CMakeFiles/cmTC_552b0.dir/link.txt --verbose=1
/bin/c++       -v CMakeFiles/cmTC_552b0.dir/CMakeCXXCompilerABI.cpp.o  -o cmTC_552b0 -rdynamic  
使用內建 specs。
COLLECT_GCC=/bin/c++
COLLECT_LTO_WRAPPER=/usr/lib/gcc/x86_64-mageia-linux-gnu/4.9.2/lto-wrapper
目的：x86_64-mageia-linux-gnu
配置為：../configure --prefix=/usr --libexecdir=/usr/lib --with-slibdir=/lib64 --with-bugurl=http://bugs.mageia.org/ --mandir=/usr/share/man --infodir=/usr/share/info --enable-checking=release --enable-languages=c,c++,ada,fortran,objc,obj-c++,java --enable-linker-build-id --build=x86_64-mageia-linux-gnu --host=x86_64-mageia-linux-gnu --with-cpu=generic --with-system-zlib --enable-threads=posix --enable-shared --enable-objc-gc --enable-long-long --enable-__cxa_atexit --disable-libunwind-exceptions --enable-clocale=gnu --enable-java-awt=gtk --with-java-home=/usr/lib/jvm/java-1.5.0-gcj-1.5.0.0/jre --with-ecj-jar=/usr/share/java/eclipse-ecj.jar --enable-gtk-cairo --disable-libjava-multilib --enable-ssp --disable-libssp --disable-werror --with-ppl --with-cloog --with-python-dir=/lib/python2.7/site-packages --enable-lto
執行緒模型：posix
gcc version 4.9.2 (GCC) 
COMPILER_PATH=/usr/lib/gcc/x86_64-mageia-linux-gnu/4.9.2/:/usr/lib/gcc/x86_64-mageia-linux-gnu/4.9.2/:/usr/lib/gcc/x86_64-mageia-linux-gnu/:/usr/lib/gcc/x86_64-mageia-linux-gnu/4.9.2/:/usr/lib/gcc/x86_64-mageia-linux-gnu/
LIBRARY_PATH=/usr/lib/gcc/x86_64-mageia-linux-gnu/4.9.2/:/usr/lib/gcc/x86_64-mageia-linux-gnu/4.9.2/../../../../lib64/:/lib/../lib64/:/usr/lib/../lib64/:/usr/lib/gcc/x86_64-mageia-linux-gnu/4.9.2/../../../:/lib/:/usr/lib/
COLLECT_GCC_OPTIONS='-v' '-o' 'cmTC_552b0' '-rdynamic' '-shared-libgcc' '-mtune=generic' '-march=x86-64'
 /usr/lib/gcc/x86_64-mageia-linux-gnu/4.9.2/collect2 -plugin /usr/lib/gcc/x86_64-mageia-linux-gnu/4.9.2/liblto_plugin.so -plugin-opt=/usr/lib/gcc/x86_64-mageia-linux-gnu/4.9.2/lto-wrapper -plugin-opt=-fresolution=/tmp/ccmYyHJy.res -plugin-opt=-pass-through=-lgcc_s -plugin-opt=-pass-through=-lgcc -plugin-opt=-pass-through=-lc -plugin-opt=-pass-through=-lgcc_s -plugin-opt=-pass-through=-lgcc --build-id --eh-frame-hdr -m elf_x86_64 --hash-style=gnu -export-dynamic -dynamic-linker /lib64/ld-linux-x86-64.so.2 -o cmTC_552b0 /usr/lib/gcc/x86_64-mageia-linux-gnu/4.9.2/../../../../lib64/crt1.o /usr/lib/gcc/x86_64-mageia-linux-gnu/4.9.2/../../../../lib64/crti.o /usr/lib/gcc/x86_64-mageia-linux-gnu/4.9.2/crtbegin.o -L/usr/lib/gcc/x86_64-mageia-linux-gnu/4.9.2 -L/usr/lib/gcc/x86_64-mageia-linux-gnu/4.9.2/../../../../lib64 -L/lib/../lib64 -L/usr/lib/../lib64 -L/usr/lib/gcc/x86_64-mageia-linux-gnu/4.9.2/../../.. CMakeFiles/cmTC_552b0.dir/CMakeCXXCompilerABI.cpp.o -lstdc++ -lm -lgcc_s -lgcc -lc -lgcc_s -lgcc /usr/lib/gcc/x86_64-mageia-linux-gnu/4.9.2/crtend.o /usr/lib/gcc/x86_64-mageia-linux-gnu/4.9.2/../../../../lib64/crtn.o
gmake[1]: Leaving directory '/home/lizhou/dist.libuv.org/dist/v1.11.0/libuv-v1.11.0/samples/mysocks/build/debug/CMakeFiles/CMakeTmp'


Parsed CXX implicit link information from above output:
  link line regex: [^( *|.*[/\])(ld|([^/\]+-)?ld|collect2)[^/\]*( |$)]
  ignore line: [Change Dir: /home/lizhou/dist.libuv.org/dist/v1.11.0/libuv-v1.11.0/samples/mysocks/build/debug/CMakeFiles/CMakeTmp]
  ignore line: []
  ignore line: [Run Build Command:"/bin/gmake" "cmTC_552b0/fast"]
  ignore line: [/bin/gmake -f CMakeFiles/cmTC_552b0.dir/build.make CMakeFiles/cmTC_552b0.dir/build]
  ignore line: [gmake[1]: Entering directory '/home/lizhou/dist.libuv.org/dist/v1.11.0/libuv-v1.11.0/samples/mysocks/build/debug/CMakeFiles/CMakeTmp']
  ignore line: [Building CXX object CMakeFiles/cmTC_552b0.dir/CMakeCXXCompilerABI.cpp.o]
  ignore line: [/bin/c++      -o CMakeFiles/cmTC_552b0.dir/CMakeCXXCompilerABI.cpp.o -c /usr/local/share/cmake-3.4/Modules/CMakeCXXCompilerABI.cpp]
  ignore line: [Linking CXX executable cmTC_552b0]
  ignore line: [/usr/local/bin/cmake -E cmake_link_script CMakeFiles/cmTC_552b0.dir/link.txt --verbose=1]
  ignore line: [/bin/c++       -v CMakeFiles/cmTC_552b0.dir/CMakeCXXCompilerABI.cpp.o  -o cmTC_552b0 -rdynamic  ]
  ignore line: [使用內建 specs。]
  ignore line: [COLLECT_GCC=/bin/c++]
  ignore line: [COLLECT_LTO_WRAPPER=/usr/lib/gcc/x86_64-mageia-linux-gnu/4.9.2/lto-wrapper]
  ignore line: [目的：x86_64-mageia-linux-gnu]
  ignore line: [配置為：../configure --prefix=/usr --libexecdir=/usr/lib --with-slibdir=/lib64 --with-bugurl=http://bugs.mageia.org/ --mandir=/usr/share/man --infodir=/usr/share/info --enable-checking=release --enable-languages=c,c++,ada,fortran,objc,obj-c++,java --enable-linker-build-id --build=x86_64-mageia-linux-gnu --host=x86_64-mageia-linux-gnu --with-cpu=generic --with-system-zlib --enable-threads=posix --enable-shared --enable-objc-gc --enable-long-long --enable-__cxa_atexit --disable-libunwind-exceptions --enable-clocale=gnu --enable-java-awt=gtk --with-java-home=/usr/lib/jvm/java-1.5.0-gcj-1.5.0.0/jre --with-ecj-jar=/usr/share/java/eclipse-ecj.jar --enable-gtk-cairo --disable-libjava-multilib --enable-ssp --disable-libssp --disable-werror --with-ppl --with-cloog --with-python-dir=/lib/python2.7/site-packages --enable-lto]
  ignore line: [執行緒模型：posix]
  ignore line: [gcc version 4.9.2 (GCC) ]
  ignore line: [COMPILER_PATH=/usr/lib/gcc/x86_64-mageia-linux-gnu/4.9.2/:/usr/lib/gcc/x86_64-mageia-linux-gnu/4.9.2/:/usr/lib/gcc/x86_64-mageia-linux-gnu/:/usr/lib/gcc/x86_64-mageia-linux-gnu/4.9.2/:/usr/lib/gcc/x86_64-mageia-linux-gnu/]
  ignore line: [LIBRARY_PATH=/usr/lib/gcc/x86_64-mageia-linux-gnu/4.9.2/:/usr/lib/gcc/x86_64-mageia-linux-gnu/4.9.2/../../../../lib64/:/lib/../lib64/:/usr/lib/../lib64/:/usr/lib/gcc/x86_64-mageia-linux-gnu/4.9.2/../../../:/lib/:/usr/lib/]
  ignore line: [COLLECT_GCC_OPTIONS='-v' '-o' 'cmTC_552b0' '-rdynamic' '-shared-libgcc' '-mtune=generic' '-march=x86-64']
  link line: [ /usr/lib/gcc/x86_64-mageia-linux-gnu/4.9.2/collect2 -plugin /usr/lib/gcc/x86_64-mageia-linux-gnu/4.9.2/liblto_plugin.so -plugin-opt=/usr/lib/gcc/x86_64-mageia-linux-gnu/4.9.2/lto-wrapper -plugin-opt=-fresolution=/tmp/ccmYyHJy.res -plugin-opt=-pass-through=-lgcc_s -plugin-opt=-pass-through=-lgcc -plugin-opt=-pass-through=-lc -plugin-opt=-pass-through=-lgcc_s -plugin-opt=-pass-through=-lgcc --build-id --eh-frame-hdr -m elf_x86_64 --hash-style=gnu -export-dynamic -dynamic-linker /lib64/ld-linux-x86-64.so.2 -o cmTC_552b0 /usr/lib/gcc/x86_64-mageia-linux-gnu/4.9.2/../../../../lib64/crt1.o /usr/lib/gcc/x86_64-mageia-linux-gnu/4.9.2/../../../../lib64/crti.o /usr/lib/gcc/x86_64-mageia-linux-gnu/4.9.2/crtbegin.o -L/usr/lib/gcc/x86_64-mageia-linux-gnu/4.9.2 -L/usr/lib/gcc/x86_64-mageia-linux-gnu/4.9.2/../../../../lib64 -L/lib/../lib64 -L/usr/lib/../lib64 -L/usr/lib/gcc/x86_64-mageia-linux-gnu/4.9.2/../../.. CMakeFiles/cmTC_552b0.dir/CMakeCXXCompilerABI.cpp.o -lstdc++ -lm -lgcc_s -lgcc -lc -lgcc_s -lgcc /usr/lib/gcc/x86_64-mageia-linux-gnu/4.9.2/crtend.o /usr/lib/gcc/x86_64-mageia-linux-gnu/4.9.2/../../../../lib64/crtn.o]
    arg [/usr/lib/gcc/x86_64-mageia-linux-gnu/4.9.2/collect2] ==> ignore
    arg [-plugin] ==> ignore
    arg [/usr/lib/gcc/x86_64-mageia-linux-gnu/4.9.2/liblto_plugin.so] ==> ignore
    arg [-plugin-opt=/usr/lib/gcc/x86_64-mageia-linux-gnu/4.9.2/lto-wrapper] ==> ignore
    arg [-plugin-opt=-fresolution=/tmp/ccmYyHJy.res] ==> ignore
    arg [-plugin-opt=-pass-through=-lgcc_s] ==> ignore
    arg [-plugin-opt=-pass-through=-lgcc] ==> ignore
    arg [-plugin-opt=-pass-through=-lc] ==> ignore
    arg [-plugin-opt=-pass-through=-lgcc_s] ==> ignore
    arg [-plugin-opt=-pass-through=-lgcc] ==> ignore
    arg [--build-id] ==> ignore
    arg [--eh-frame-hdr] ==> ignore
    arg [-m] ==> ignore
    arg [elf_x86_64] ==> ignore
    arg [--hash-style=gnu] ==> ignore
    arg [-export-dynamic] ==> ignore
    arg [-dynamic-linker] ==> ignore
    arg [/lib64/ld-linux-x86-64.so.2] ==> ignore
    arg [-o] ==> ignore
    arg [cmTC_552b0] ==> ignore
    arg [/usr/lib/gcc/x86_64-mageia-linux-gnu/4.9.2/../../../../lib64/crt1.o] ==> ignore
    arg [/usr/lib/gcc/x86_64-mageia-linux-gnu/4.9.2/../../../../lib64/crti.o] ==> ignore
    arg [/usr/lib/gcc/x86_64-mageia-linux-gnu/4.9.2/crtbegin.o] ==> ignore
    arg [-L/usr/lib/gcc/x86_64-mageia-linux-gnu/4.9.2] ==> dir [/usr/lib/gcc/x86_64-mageia-linux-gnu/4.9.2]
    arg [-L/usr/lib/gcc/x86_64-mageia-linux-gnu/4.9.2/../../../../lib64] ==> dir [/usr/lib/gcc/x86_64-mageia-linux-gnu/4.9.2/../../../../lib64]
    arg [-L/lib/../lib64] ==> dir [/lib/../lib64]
    arg [-L/usr/lib/../lib64] ==> dir [/usr/lib/../lib64]
    arg [-L/usr/lib/gcc/x86_64-mageia-linux-gnu/4.9.2/../../..] ==> dir [/usr/lib/gcc/x86_64-mageia-linux-gnu/4.9.2/../../..]
    arg [CMakeFiles/cmTC_552b0.dir/CMakeCXXCompilerABI.cpp.o] ==> ignore
    arg [-lstdc++] ==> lib [stdc++]
    arg [-lm] ==> lib [m]
    arg [-lgcc_s] ==> lib [gcc_s]
    arg [-lgcc] ==> lib [gcc]
    arg [-lc] ==> lib [c]
    arg [-lgcc_s] ==> lib [gcc_s]
    arg [-lgcc] ==> lib [gcc]
    arg [/usr/lib/gcc/x86_64-mageia-linux-gnu/4.9.2/crtend.o] ==> ignore
    arg [/usr/lib/gcc/x86_64-mageia-linux-gnu/4.9.2/../../../../lib64/crtn.o] ==> ignore
  remove lib [gcc_s]
  remove lib [gcc]
  remove lib [gcc_s]
  remove lib [gcc]
  collapse library dir [/usr/lib/gcc/x86_64-mageia-linux-gnu/4.9.2] ==> [/usr/lib/gcc/x86_64-mageia-linux-gnu/4.9.2]
  collapse library dir [/usr/lib/gcc/x86_64-mageia-linux-gnu/4.9.2/../../../../lib64] ==> [/usr/lib64]
  collapse library dir [/lib/../lib64] ==> [/lib64]
  collapse library dir [/usr/lib/../lib64] ==> [/usr/lib64]
  collapse library dir [/usr/lib/gcc/x86_64-mageia-linux-gnu/4.9.2/../../..] ==> [/usr/lib]
  implicit libs: [stdc++;m;c]
  implicit dirs: [/usr/lib/gcc/x86_64-mageia-linux-gnu/4.9.2;/usr/lib64;/lib64;/usr/lib]
  implicit fwks: []




Detecting CXX [-std=c++14] compiler features compiled with the following output:
Change Dir: /home/lizhou/dist.libuv.org/dist/v1.11.0/libuv-v1.11.0/samples/mysocks/build/debug/CMakeFiles/CMakeTmp

Run Build Command:"/bin/gmake" "cmTC_704c5/fast"
/bin/gmake -f CMakeFiles/cmTC_704c5.dir/build.make CMakeFiles/cmTC_704c5.dir/build
gmake[1]: Entering directory '/home/lizhou/dist.libuv.org/dist/v1.11.0/libuv-v1.11.0/samples/mysocks/build/debug/CMakeFiles/CMakeTmp'
Building CXX object CMakeFiles/cmTC_704c5.dir/feature_tests.cxx.o
/bin/c++     -std=c++14 -o CMakeFiles/cmTC_704c5.dir/feature_tests.cxx.o -c /home/lizhou/dist.libuv.org/dist/v1.11.0/libuv-v1.11.0/samples/mysocks/build/debug/CMakeFiles/feature_tests.cxx
Linking CXX executable cmTC_704c5
/usr/local/bin/cmake -E cmake_link_script CMakeFiles/cmTC_704c5.dir/link.txt --verbose=1
/bin/c++        CMakeFiles/cmTC_704c5.dir/feature_tests.cxx.o  -o cmTC_704c5 -rdynamic 
gmake[1]: Leaving directory '/home/lizhou/dist.libuv.org/dist/v1.11.0/libuv-v1.11.0/samples/mysocks/build/debug/CMakeFiles/CMakeTmp'


    Feature record: CXX_FEATURE:0cxx_aggregate_default_initializers
    Feature record: CXX_FEATURE:1cxx_alias_templates
    Feature record: CXX_FEATURE:1cxx_alignas
    Feature record: CXX_FEATURE:1cxx_alignof
    Feature record: CXX_FEATURE:1cxx_attributes
    Feature record: CXX_FEATURE:1cxx_attribute_deprecated
    Feature record: CXX_FEATURE:1cxx_auto_type
    Feature record: CXX_FEATURE:1cxx_binary_literals
    Feature record: CXX_FEATURE:1cxx_constexpr
    Feature record: CXX_FEATURE:1cxx_contextual_conversions
    Feature record: CXX_FEATURE:1cxx_decltype
    Feature record: CXX_FEATURE:1cxx_decltype_auto
    Feature record: CXX_FEATURE:1cxx_decltype_incomplete_return_types
    Feature record: CXX_FEATURE:1cxx_default_function_template_args
    Feature record: CXX_FEATURE:1cxx_defaulted_functions
    Feature record: CXX_FEATURE:1cxx_defaulted_move_initializers
    Feature record: CXX_FEATURE:1cxx_delegating_constructors
    Feature record: CXX_FEATURE:1cxx_deleted_functions
    Feature record: CXX_FEATURE:1cxx_digit_separators
    Feature record: CXX_FEATURE:1cxx_enum_forward_declarations
    Feature record: CXX_FEATURE:1cxx_explicit_conversions
    Feature record: CXX_FEATURE:1cxx_extended_friend_declarations
    Feature record: CXX_FEATURE:1cxx_extern_templates
    Feature record: CXX_FEATURE:1cxx_final
    Feature record: CXX_FEATURE:1cxx_func_identifier
    Feature record: CXX_FEATURE:1cxx_generalized_initializers
    Feature record: CXX_FEATURE:1cxx_generic_lambdas
    Feature record: CXX_FEATURE:1cxx_inheriting_constructors
    Feature record: CXX_FEATURE:1cxx_inline_namespaces
    Feature record: CXX_FEATURE:1cxx_lambdas
    Feature record: CXX_FEATURE:1cxx_lambda_init_captures
    Feature record: CXX_FEATURE:1cxx_local_type_template_args
    Feature record: CXX_FEATURE:1cxx_long_long_type
    Feature record: CXX_FEATURE:1cxx_noexcept
    Feature record: CXX_FEATURE:1cxx_nonstatic_member_init
    Feature record: CXX_FEATURE:1cxx_nullptr
    Feature record: CXX_FEATURE:1cxx_override
    Feature record: CXX_FEATURE:1cxx_range_for
    Feature record: CXX_FEATURE:1cxx_raw_string_literals
    Feature record: CXX_FEATURE:1cxx_reference_qualified_functions
    Feature record: CXX_FEATURE:0cxx_relaxed_constexpr
    Feature record: CXX_FEATURE:1cxx_return_type_deduction
    Feature record: CXX_FEATURE:1cxx_right_angle_brackets
    Feature record: CXX_FEATURE:1cxx_rvalue_references
    Feature record: CXX_FEATURE:1cxx_sizeof_member
    Feature record: CXX_FEATURE:1cxx_static_assert
    Feature record: CXX_FEATURE:1cxx_strong_enums
    Feature record: CXX_FEATURE:1cxx_template_template_parameters
    Feature record: CXX_FEATURE:1cxx_thread_local
    Feature record: CXX_FEATURE:1cxx_trailing_return_types
    Feature record: CXX_FEATURE:1cxx_unicode_literals
    Feature record: CXX_FEATURE:1cxx_uniform_initialization
    Feature record: CXX_FEATURE:1cxx_unrestricted_unions
    Feature record: CXX_FEATURE:1cxx_user_literals
    Feature record: CXX_FEATURE:0cxx_variable_templates
    Feature record: CXX_FEATURE:1cxx_variadic_macros
    Feature record: CXX_FEATURE:1cxx_variadic_templates


Detecting CXX [-std=c++11] compiler features compiled with the following output:
Change Dir: /home/lizhou/dist.libuv.org/dist/v1.11.0/libuv-v1.11.0/samples/mysocks/build/debug/CMakeFiles/CMakeTmp

Run Build Command:"/bin/gmake" "cmTC_56f96/fast"
/bin/gmake -f CMakeFiles/cmTC_56f96.dir/build.make CMakeFiles/cmTC_56f96.dir/build
gmake[1]: Entering directory '/home/lizhou/dist.libuv.org/dist/v1.11.0/libuv-v1.11.0/samples/mysocks/build/debug/CMakeFiles/CMakeTmp'
Building CXX object CMakeFiles/cmTC_56f96.dir/feature_tests.cxx.o
/bin/c++     -std=c++11 -o CMakeFiles/cmTC_56f96.dir/feature_tests.cxx.o -c /home/lizhou/dist.libuv.org/dist/v1.11.0/libuv-v1.11.0/samples/mysocks/build/debug/CMakeFiles/feature_tests.cxx
Linking CXX executable cmTC_56f96
/usr/local/bin/cmake -E cmake_link_script CMakeFiles/cmTC_56f96.dir/link.txt --verbose=1
/bin/c++        CMakeFiles/cmTC_56f96.dir/feature_tests.cxx.o  -o cmTC_56f96 -rdynamic 
gmake[1]: Leaving directory '/home/lizhou/dist.libuv.org/dist/v1.11.0/libuv-v1.11.0/samples/mysocks/build/debug/CMakeFiles/CMakeTmp'


    Feature record: CXX_FEATURE:0cxx_aggregate_default_initializers
    Feature record: CXX_FEATURE:1cxx_alias_templates
    Feature record: CXX_FEATURE:1cxx_alignas
    Feature record: CXX_FEATURE:1cxx_alignof
    Feature record: CXX_FEATURE:1cxx_attributes
    Feature record: CXX_FEATURE:0cxx_attribute_deprecated
    Feature record: CXX_FEATURE:1cxx_auto_type
    Feature record: CXX_FEATURE:0cxx_binary_literals
    Feature record: CXX_FEATURE:1cxx_constexpr
    Feature record: CXX_FEATURE:0cxx_contextual_conversions
    Feature record: CXX_FEATURE:1cxx_decltype
    Feature record: CXX_FEATURE:0cxx_decltype_auto
    Feature record: CXX_FEATURE:1cxx_decltype_incomplete_return_types
    Feature record: CXX_FEATURE:1cxx_default_function_template_args
    Feature record: CXX_FEATURE:1cxx_defaulted_functions
    Feature record: CXX_FEATURE:1cxx_defaulted_move_initializers
    Feature record: CXX_FEATURE:1cxx_delegating_constructors
    Feature record: CXX_FEATURE:1cxx_deleted_functions
    Feature record: CXX_FEATURE:0cxx_digit_separators
    Feature record: CXX_FEATURE:1cxx_enum_forward_declarations
    Feature record: CXX_FEATURE:1cxx_explicit_conversions
    Feature record: CXX_FEATURE:1cxx_extended_friend_declarations
    Feature record: CXX_FEATURE:1cxx_extern_templates
    Feature record: CXX_FEATURE:1cxx_final
    Feature record: CXX_FEATURE:1cxx_func_identifier
    Feature record: CXX_FEATURE:1cxx_generalized_initializers
    Feature record: CXX_FEATURE:0cxx_generic_lambdas
    Feature record: CXX_FEATURE:1cxx_inheriting_constructors
    Feature record: CXX_FEATURE:1cxx_inline_namespaces
    Feature record: CXX_FEATURE:1cxx_lambdas
    Feature record: CXX_FEATURE:0cxx_lambda_init_captures
    Feature record: CXX_FEATURE:1cxx_local_type_template_args
    Feature record: CXX_FEATURE:1cxx_long_long_type
    Feature record: CXX_FEATURE:1cxx_noexcept
    Feature record: CXX_FEATURE:1cxx_nonstatic_member_init
    Feature record: CXX_FEATURE:1cxx_nullptr
    Feature record: CXX_FEATURE:1cxx_override
    Feature record: CXX_FEATURE:1cxx_range_for
    Feature record: CXX_FEATURE:1cxx_raw_string_literals
    Feature record: CXX_FEATURE:1cxx_reference_qualified_functions
    Feature record: CXX_FEATURE:0cxx_relaxed_constexpr
    Feature record: CXX_FEATURE:0cxx_return_type_deduction
    Feature record: CXX_FEATURE:1cxx_right_angle_brackets
    Feature record: CXX_FEATURE:1cxx_rvalue_references
    Feature record: CXX_FEATURE:1cxx_sizeof_member
    Feature record: CXX_FEATURE:1cxx_static_assert
    Feature record: CXX_FEATURE:1cxx_strong_enums
    Feature record: CXX_FEATURE:1cxx_template_template_parameters
    Feature record: CXX_FEATURE:1cxx_thread_local
    Feature record: CXX_FEATURE:1cxx_trailing_return_types
    Feature record: CXX_FEATURE:1cxx_unicode_literals
    Feature record: CXX_FEATURE:1cxx_uniform_initialization
    Feature record: CXX_FEATURE:1cxx_unrestricted_unions
    Feature record: CXX_FEATURE:1cxx_user_literals
    Feature record: CXX_FEATURE:0cxx_variable_templates
    Feature record: CXX_FEATURE:1cxx_variadic_macros
    Feature record: CXX_FEATURE:1cxx_variadic_templates


Detecting CXX [-std=c++98] compiler features compiled with the following output:
Change Dir: /home/lizhou/dist.libuv.org/dist/v1.11.0/libuv-v1.11.0/samples/mysocks/build/debug/CMakeFiles/CMakeTmp

Run Build Command:"/bin/gmake" "cmTC_9d056/fast"
/bin/gmake -f CMakeFiles/cmTC_9d056.dir/build.make CMakeFiles/cmTC_9d056.dir/build
gmake[1]: Entering directory '/home/lizhou/dist.libuv.org/dist/v1.11.0/libuv-v1.11.0/samples/mysocks/build/debug/CMakeFiles/CMakeTmp'
Building CXX object CMakeFiles/cmTC_9d056.dir/feature_tests.cxx.o
/bin/c++     -std=c++98 -o CMakeFiles/cmTC_9d056.dir/feature_tests.cxx.o -c /home/lizhou/dist.libuv.org/dist/v1.11.0/libuv-v1.11.0/samples/mysocks/build/debug/CMakeFiles/feature_tests.cxx
Linking CXX executable cmTC_9d056
/usr/local/bin/cmake -E cmake_link_script CMakeFiles/cmTC_9d056.dir/link.txt --verbose=1
/bin/c++        CMakeFiles/cmTC_9d056.dir/feature_tests.cxx.o  -o cmTC_9d056 -rdynamic 
gmake[1]: Leaving directory '/home/lizhou/dist.libuv.org/dist/v1.11.0/libuv-v1.11.0/samples/mysocks/build/debug/CMakeFiles/CMakeTmp'


    Feature record: CXX_FEATURE:0cxx_aggregate_default_initializers
    Feature record: CXX_FEATURE:0cxx_alias_templates
    Feature record: CXX_FEATURE:0cxx_alignas
    Feature record: CXX_FEATURE:0cxx_alignof
    Feature record: CXX_FEATURE:0cxx_attributes
    Feature record: CXX_FEATURE:0cxx_attribute_deprecated
    Feature record: CXX_FEATURE:0cxx_auto_type
    Feature record: CXX_FEATURE:0cxx_binary_literals
    Feature record: CXX_FEATURE:0cxx_constexpr
    Feature record: CXX_FEATURE:0cxx_contextual_conversions
    Feature record: CXX_FEATURE:0cxx_decltype
    Feature record: CXX_FEATURE:0cxx_decltype_auto
    Feature record: CXX_FEATURE:0cxx_decltype_incomplete_return_types
    Feature record: CXX_FEATURE:0cxx_default_function_template_args
    Feature record: CXX_FEATURE:0cxx_defaulted_functions
    Feature record: CXX_FEATURE:0cxx_defaulted_move_initializers
    Feature record: CXX_FEATURE:0cxx_delegating_constructors
    Feature record: CXX_FEATURE:0cxx_deleted_functions
    Feature record: CXX_FEATURE:0cxx_digit_separators
    Feature record: CXX_FEATURE:0cxx_enum_forward_declarations
    Feature record: CXX_FEATURE:0cxx_explicit_conversions
    Feature record: CXX_FEATURE:0cxx_extended_friend_declarations
    Feature record: CXX_FEATURE:0cxx_extern_templates
    Feature record: CXX_FEATURE:0cxx_final
    Feature record: CXX_FEATURE:0cxx_func_identifier
    Feature record: CXX_FEATURE:0cxx_generalized_initializers
    Feature record: CXX_FEATURE:0cxx_generic_lambdas
    Feature record: CXX_FEATURE:0cxx_inheriting_constructors
    Feature record: CXX_FEATURE:0cxx_inline_namespaces
    Feature record: CXX_FEATURE:0cxx_lambdas
    Feature record: CXX_FEATURE:0cxx_lambda_init_captures
    Feature record: CXX_FEATURE:0cxx_local_type_template_args
    Feature record: CXX_FEATURE:0cxx_long_long_type
    Feature record: CXX_FEATURE:0cxx_noexcept
    Feature record: CXX_FEATURE:0cxx_nonstatic_member_init
    Feature record: CXX_FEATURE:0cxx_nullptr
    Feature record: CXX_FEATURE:0cxx_override
    Feature record: CXX_FEATURE:0cxx_range_for
    Feature record: CXX_FEATURE:0cxx_raw_string_literals
    Feature record: CXX_FEATURE:0cxx_reference_qualified_functions
    Feature record: CXX_FEATURE:0cxx_relaxed_constexpr
    Feature record: CXX_FEATURE:0cxx_return_type_deduction
    Feature record: CXX_FEATURE:0cxx_right_angle_brackets
    Feature record: CXX_FEATURE:0cxx_rvalue_references
    Feature record: CXX_FEATURE:0cxx_sizeof_member
    Feature record: CXX_FEATURE:0cxx_static_assert
    Feature record: CXX_FEATURE:0cxx_strong_enums
    Feature record: CXX_FEATURE:1cxx_template_template_parameters
    Feature record: CXX_FEATURE:0cxx_thread_local
    Feature record: CXX_FEATURE:0cxx_trailing_return_types
    Feature record: CXX_FEATURE:0cxx_unicode_literals
    Feature record: CXX_FEATURE:0cxx_uniform_initialization
    Feature record: CXX_FEATURE:0cxx_unrestricted_unions
    Feature record: CXX_FEATURE:0cxx_user_literals
    Feature record: CXX_FEATURE:0cxx_variable_templates
    Feature record: CXX_FEATURE:0cxx_variadic_macros
    Feature record: CXX_FEATURE:0cxx_variadic_templates
